<?xml version="1.0" encoding="UTF-8"?>
<!-- Generated by org.testng.reporters.JUnitReportReporter -->
<testsuite hostname="LAPTOP-CFO5SEM6" failures="0" tests="5" name="CartOperations.testScript" time="6.010" errors="0" timestamp="2026-03-12T10:51:52 IST" skipped="0">
  <testcase classname="CartOperations.testScript" name="loginTest" time="3.641"/>
  <testcase classname="CartOperations.testScript" name="get" time="0.630"/>
  <testcase classname="CartOperations.testScript" name="post" time="0.584"/>
  <testcase classname="CartOperations.testScript" name="put" time="0.566"/>
  <testcase classname="CartOperations.testScript" name="delete" time="0.589"/>
</testsuite> <!-- CartOperations.testScript -->
