<?xml version="1.0" encoding="UTF-8"?>
<!-- Generated by org.testng.reporters.JUnitReportReporter -->
<testsuite hostname="LAPTOP-CFO5SEM6" failures="0" tests="3" name="ShopperLogin.shopperLoginJava" time="5.207" errors="0" timestamp="2026-03-12T10:19:37 IST" skipped="1">
  <testcase classname="ShopperLogin.shopperLoginJava" name="loginTest" time="4.488"/>
  <testcase classname="ShopperLogin.shopperLoginJava" name="fetchData" time="0.719"/>
  <testcase classname="ShopperLogin.shopperLoginJava" name="logintest">
    <skipped/>
  </testcase> <!-- logintest -->
</testsuite> <!-- ShopperLogin.shopperLoginJava -->
