<?xml version="1.0" encoding="UTF-8"?>
<!-- Generated by org.testng.reporters.JUnitReportReporter -->
<testsuite hostname="LAPTOP-CFO5SEM6" failures="0" tests="3" name="ShopperWithPOJO.ShopperLogin" time="9.133" errors="0" timestamp="2026-03-12T09:42:48 IST" skipped="0">
  <testcase classname="ShopperWithPOJO.ShopperLogin" name="fetchProducts" time="3.954"/>
  <testcase classname="ShopperWithPOJO.ShopperLogin" name="loginTest" time="4.486"/>
  <testcase classname="ShopperWithPOJO.ShopperLogin" name="fetchData" time="0.693"/>
</testsuite> <!-- ShopperWithPOJO.ShopperLogin -->
